2021-01-14 19:01:752 INFO  HomePage :45 - enter job title [[ChromeDriver: chrome on WINDOWS (e62b80282fdd27c9180a6acee8bb6c90)] -> id: keywords]
2021-01-14 19:01:951 INFO  HomePage :53 - enter location [[ChromeDriver: chrome on WINDOWS (e62b80282fdd27c9180a6acee8bb6c90)] -> id: location]
2021-01-14 19:01:117 INFO  HomePage :61 - select distance from drop down [[ChromeDriver: chrome on WINDOWS (e62b80282fdd27c9180a6acee8bb6c90)] -> id: distance]
2021-01-14 19:01:292 INFO  HomePage :69 - clicking on more search options[[ChromeDriver: chrome on WINDOWS (e62b80282fdd27c9180a6acee8bb6c90)] -> id: toggle-hp-search]
2021-01-14 19:01:549 INFO  HomePage :77 - enter salary minimum[[ChromeDriver: chrome on WINDOWS (e62b80282fdd27c9180a6acee8bb6c90)] -> id: salarymin]
2021-01-14 19:01:769 INFO  HomePage :85 - enter salary maximum[[ChromeDriver: chrome on WINDOWS (e62b80282fdd27c9180a6acee8bb6c90)] -> id: salarymax]
2021-01-14 19:01:876 INFO  HomePage :93 - select salary type from drop down[[ChromeDriver: chrome on WINDOWS (e62b80282fdd27c9180a6acee8bb6c90)] -> id: salarytype]
2021-01-14 19:01:993 INFO  HomePage :101 - select job type from drop down[[ChromeDriver: chrome on WINDOWS (e62b80282fdd27c9180a6acee8bb6c90)] -> id: tempperm]
2021-01-14 19:01:120 INFO  HomePage :109 - clicking on find job button[[ChromeDriver: chrome on WINDOWS (e62b80282fdd27c9180a6acee8bb6c90)] -> id: hp-search-btn]
2021-01-14 19:01:438 INFO  HomePage :117 - verify search result successfully[[ChromeDriver: chrome on WINDOWS (e62b80282fdd27c9180a6acee8bb6c90)] -> xpath: //h1[contains(text(),'Permanent Automation Tester jobs in London')]]
2021-01-14 19:01:627 INFO  HomePage :45 - enter job title [[ChromeDriver: chrome on WINDOWS (7f438c9772b5d5c319510da0234401d0)] -> id: keywords]
2021-01-14 19:01:851 INFO  HomePage :53 - enter location [[ChromeDriver: chrome on WINDOWS (7f438c9772b5d5c319510da0234401d0)] -> id: location]
2021-01-14 19:01:10 INFO  HomePage :61 - select distance from drop down [[ChromeDriver: chrome on WINDOWS (7f438c9772b5d5c319510da0234401d0)] -> id: distance]
2021-01-14 19:01:258 INFO  HomePage :69 - clicking on more search options[[ChromeDriver: chrome on WINDOWS (7f438c9772b5d5c319510da0234401d0)] -> id: toggle-hp-search]
2021-01-14 19:01:575 INFO  HomePage :77 - enter salary minimum[[ChromeDriver: chrome on WINDOWS (7f438c9772b5d5c319510da0234401d0)] -> id: salarymin]
2021-01-14 19:01:792 INFO  HomePage :85 - enter salary maximum[[ChromeDriver: chrome on WINDOWS (7f438c9772b5d5c319510da0234401d0)] -> id: salarymax]
2021-01-14 19:01:902 INFO  HomePage :93 - select salary type from drop down[[ChromeDriver: chrome on WINDOWS (7f438c9772b5d5c319510da0234401d0)] -> id: salarytype]
2021-01-14 19:01:34 INFO  HomePage :101 - select job type from drop down[[ChromeDriver: chrome on WINDOWS (7f438c9772b5d5c319510da0234401d0)] -> id: tempperm]
2021-01-14 19:01:180 INFO  HomePage :109 - clicking on find job button[[ChromeDriver: chrome on WINDOWS (7f438c9772b5d5c319510da0234401d0)] -> id: hp-search-btn]
2021-01-14 19:01:184 INFO  HomePage :117 - verify search result successfully[[ChromeDriver: chrome on WINDOWS (7f438c9772b5d5c319510da0234401d0)] -> xpath: //h1[contains(text(),'Permanent Qa Tester jobs in London')]]
2021-01-14 19:01:34 INFO  HomePage :40 - enter job title [[ChromeDriver: chrome on WINDOWS (d10f4268360763a6dc51df635567aa05)] -> id: keywords]
2021-01-14 19:01:255 INFO  HomePage :48 - enter location [[ChromeDriver: chrome on WINDOWS (d10f4268360763a6dc51df635567aa05)] -> id: location]
2021-01-14 19:01:428 INFO  HomePage :56 - select distance from drop down [[ChromeDriver: chrome on WINDOWS (d10f4268360763a6dc51df635567aa05)] -> id: distance]
2021-01-14 19:01:639 INFO  HomePage :64 - clicking on more search options[[ChromeDriver: chrome on WINDOWS (d10f4268360763a6dc51df635567aa05)] -> id: toggle-hp-search]
2021-01-14 19:01:889 INFO  HomePage :72 - enter salary minimum[[ChromeDriver: chrome on WINDOWS (d10f4268360763a6dc51df635567aa05)] -> id: salarymin]
2021-01-14 19:01:116 INFO  HomePage :80 - enter salary maximum[[ChromeDriver: chrome on WINDOWS (d10f4268360763a6dc51df635567aa05)] -> id: salarymax]
2021-01-14 19:01:253 INFO  HomePage :88 - select salary type from drop down[[ChromeDriver: chrome on WINDOWS (d10f4268360763a6dc51df635567aa05)] -> id: salarytype]
2021-01-14 19:01:374 INFO  HomePage :96 - select job type from drop down[[ChromeDriver: chrome on WINDOWS (d10f4268360763a6dc51df635567aa05)] -> id: tempperm]
2021-01-14 19:01:530 INFO  HomePage :104 - clicking on find job button[[ChromeDriver: chrome on WINDOWS (d10f4268360763a6dc51df635567aa05)] -> id: hp-search-btn]
2021-01-14 19:01:929 INFO  HomePage :112 - verify search result successfully[[ChromeDriver: chrome on WINDOWS (d10f4268360763a6dc51df635567aa05)] -> xpath: //h1[contains(text(),'Permanent Automation Tester jobs in London')]]
2021-01-14 19:01:722 INFO  HomePage :40 - enter job title [[ChromeDriver: chrome on WINDOWS (9c67cabefb18208dd24c55ff8d9e2e6f)] -> id: keywords]
2021-01-14 19:01:970 INFO  HomePage :48 - enter location [[ChromeDriver: chrome on WINDOWS (9c67cabefb18208dd24c55ff8d9e2e6f)] -> id: location]
2021-01-14 19:01:154 INFO  HomePage :56 - select distance from drop down [[ChromeDriver: chrome on WINDOWS (9c67cabefb18208dd24c55ff8d9e2e6f)] -> id: distance]
2021-01-14 19:01:288 INFO  HomePage :64 - clicking on more search options[[ChromeDriver: chrome on WINDOWS (9c67cabefb18208dd24c55ff8d9e2e6f)] -> id: toggle-hp-search]
2021-01-14 19:01:601 INFO  HomePage :72 - enter salary minimum[[ChromeDriver: chrome on WINDOWS (9c67cabefb18208dd24c55ff8d9e2e6f)] -> id: salarymin]
2021-01-14 19:01:886 INFO  HomePage :80 - enter salary maximum[[ChromeDriver: chrome on WINDOWS (9c67cabefb18208dd24c55ff8d9e2e6f)] -> id: salarymax]
2021-01-14 19:01:02 INFO  HomePage :88 - select salary type from drop down[[ChromeDriver: chrome on WINDOWS (9c67cabefb18208dd24c55ff8d9e2e6f)] -> id: salarytype]
2021-01-14 19:01:114 INFO  HomePage :96 - select job type from drop down[[ChromeDriver: chrome on WINDOWS (9c67cabefb18208dd24c55ff8d9e2e6f)] -> id: tempperm]
2021-01-14 19:01:268 INFO  HomePage :104 - clicking on find job button[[ChromeDriver: chrome on WINDOWS (9c67cabefb18208dd24c55ff8d9e2e6f)] -> id: hp-search-btn]
2021-01-14 19:01:455 INFO  HomePage :112 - verify search result successfully[[ChromeDriver: chrome on WINDOWS (9c67cabefb18208dd24c55ff8d9e2e6f)] -> xpath: //h1[contains(text(),'Permanent Qa Tester jobs in London')]]
2021-01-14 19:01:493 INFO  HomePage :40 - enter job title [[ChromeDriver: chrome on WINDOWS (8cb8fe174049ffb40f7fdf550a9a7aad)] -> id: keywords]
2021-01-14 19:01:688 INFO  HomePage :48 - enter location [[ChromeDriver: chrome on WINDOWS (8cb8fe174049ffb40f7fdf550a9a7aad)] -> id: location]
2021-01-14 19:01:845 INFO  HomePage :56 - select distance from drop down [[ChromeDriver: chrome on WINDOWS (8cb8fe174049ffb40f7fdf550a9a7aad)] -> id: distance]
2021-01-14 19:01:108 INFO  HomePage :64 - clicking on more search options[[ChromeDriver: chrome on WINDOWS (8cb8fe174049ffb40f7fdf550a9a7aad)] -> id: toggle-hp-search]
2021-01-14 19:01:356 INFO  HomePage :72 - enter salary minimum[[ChromeDriver: chrome on WINDOWS (8cb8fe174049ffb40f7fdf550a9a7aad)] -> id: salarymin]
2021-01-14 19:01:611 INFO  HomePage :80 - enter salary maximum[[ChromeDriver: chrome on WINDOWS (8cb8fe174049ffb40f7fdf550a9a7aad)] -> id: salarymax]
2021-01-14 19:01:765 INFO  HomePage :88 - select salary type from drop down[[ChromeDriver: chrome on WINDOWS (8cb8fe174049ffb40f7fdf550a9a7aad)] -> id: salarytype]
2021-01-14 19:01:894 INFO  HomePage :96 - select job type from drop down[[ChromeDriver: chrome on WINDOWS (8cb8fe174049ffb40f7fdf550a9a7aad)] -> id: tempperm]
2021-01-14 19:01:54 INFO  HomePage :104 - clicking on find job button[[ChromeDriver: chrome on WINDOWS (8cb8fe174049ffb40f7fdf550a9a7aad)] -> id: hp-search-btn]
2021-01-14 19:01:300 INFO  HomePage :112 - verify search result successfully[[ChromeDriver: chrome on WINDOWS (8cb8fe174049ffb40f7fdf550a9a7aad)] -> xpath: //h1[contains(text(),'Permanent Automation Tester jobs in London')]]
2021-01-14 19:01:794 INFO  HomePage :40 - enter job title [[ChromeDriver: chrome on WINDOWS (2dcf10c4681aaec94b0ab0835b4715a3)] -> id: keywords]
2021-01-14 19:01:83 INFO  HomePage :48 - enter location [[ChromeDriver: chrome on WINDOWS (2dcf10c4681aaec94b0ab0835b4715a3)] -> id: location]
2021-01-14 19:01:276 INFO  HomePage :56 - select distance from drop down [[ChromeDriver: chrome on WINDOWS (2dcf10c4681aaec94b0ab0835b4715a3)] -> id: distance]
2021-01-14 19:01:535 INFO  HomePage :64 - clicking on more search options[[ChromeDriver: chrome on WINDOWS (2dcf10c4681aaec94b0ab0835b4715a3)] -> id: toggle-hp-search]
2021-01-14 19:01:970 INFO  HomePage :72 - enter salary minimum[[ChromeDriver: chrome on WINDOWS (2dcf10c4681aaec94b0ab0835b4715a3)] -> id: salarymin]
2021-01-14 19:01:96 INFO  HomePage :80 - enter salary maximum[[ChromeDriver: chrome on WINDOWS (2dcf10c4681aaec94b0ab0835b4715a3)] -> id: salarymax]
2021-01-14 19:01:230 INFO  HomePage :88 - select salary type from drop down[[ChromeDriver: chrome on WINDOWS (2dcf10c4681aaec94b0ab0835b4715a3)] -> id: salarytype]
2021-01-14 19:01:349 INFO  HomePage :96 - select job type from drop down[[ChromeDriver: chrome on WINDOWS (2dcf10c4681aaec94b0ab0835b4715a3)] -> id: tempperm]
2021-01-14 19:01:490 INFO  HomePage :104 - clicking on find job button[[ChromeDriver: chrome on WINDOWS (2dcf10c4681aaec94b0ab0835b4715a3)] -> id: hp-search-btn]
2021-01-14 19:01:729 INFO  HomePage :112 - verify search result successfully[[ChromeDriver: chrome on WINDOWS (2dcf10c4681aaec94b0ab0835b4715a3)] -> xpath: //h1[contains(text(),'Permanent Qa Tester jobs in London')]]
2021-01-14 19:01:774 INFO  HomePage :40 - enter job title [[ChromeDriver: chrome on WINDOWS (be27f1b5070385c2738f7100245289ed)] -> id: keywords]
2021-01-14 19:01:159 INFO  HomePage :48 - enter location [[ChromeDriver: chrome on WINDOWS (be27f1b5070385c2738f7100245289ed)] -> id: location]
2021-01-14 19:01:446 INFO  HomePage :56 - select distance from drop down [[ChromeDriver: chrome on WINDOWS (be27f1b5070385c2738f7100245289ed)] -> id: distance]
2021-01-14 19:01:667 INFO  HomePage :64 - clicking on more search options[[ChromeDriver: chrome on WINDOWS (be27f1b5070385c2738f7100245289ed)] -> id: toggle-hp-search]
2021-01-14 19:01:904 INFO  HomePage :72 - enter salary minimum[[ChromeDriver: chrome on WINDOWS (be27f1b5070385c2738f7100245289ed)] -> id: salarymin]
2021-01-14 19:01:111 INFO  HomePage :80 - enter salary maximum[[ChromeDriver: chrome on WINDOWS (be27f1b5070385c2738f7100245289ed)] -> id: salarymax]
2021-01-14 19:01:239 INFO  HomePage :88 - select salary type from drop down[[ChromeDriver: chrome on WINDOWS (be27f1b5070385c2738f7100245289ed)] -> id: salarytype]
2021-01-14 19:01:339 INFO  HomePage :96 - select job type from drop down[[ChromeDriver: chrome on WINDOWS (be27f1b5070385c2738f7100245289ed)] -> id: tempperm]
2021-01-14 19:01:472 INFO  HomePage :104 - clicking on find job button[[ChromeDriver: chrome on WINDOWS (be27f1b5070385c2738f7100245289ed)] -> id: hp-search-btn]
2021-01-14 19:01:375 INFO  HomePage :112 - verify search result successfully[[ChromeDriver: chrome on WINDOWS (be27f1b5070385c2738f7100245289ed)] -> xpath: //h1[contains(text(),'Permanent Automation Tester jobs in London')]]
2021-01-14 19:01:378 INFO  HomePage :40 - enter job title [[ChromeDriver: chrome on WINDOWS (1ebf7b29b132b1ba9808c9d7da12b025)] -> id: keywords]
2021-01-14 19:01:566 INFO  HomePage :48 - enter location [[ChromeDriver: chrome on WINDOWS (1ebf7b29b132b1ba9808c9d7da12b025)] -> id: location]
2021-01-14 19:01:694 INFO  HomePage :56 - select distance from drop down [[ChromeDriver: chrome on WINDOWS (1ebf7b29b132b1ba9808c9d7da12b025)] -> id: distance]
2021-01-14 19:01:838 INFO  HomePage :64 - clicking on more search options[[ChromeDriver: chrome on WINDOWS (1ebf7b29b132b1ba9808c9d7da12b025)] -> id: toggle-hp-search]
2021-01-14 19:01:361 INFO  HomePage :72 - enter salary minimum[[ChromeDriver: chrome on WINDOWS (1ebf7b29b132b1ba9808c9d7da12b025)] -> id: salarymin]
2021-01-14 19:01:485 INFO  HomePage :80 - enter salary maximum[[ChromeDriver: chrome on WINDOWS (1ebf7b29b132b1ba9808c9d7da12b025)] -> id: salarymax]
2021-01-14 19:01:611 INFO  HomePage :88 - select salary type from drop down[[ChromeDriver: chrome on WINDOWS (1ebf7b29b132b1ba9808c9d7da12b025)] -> id: salarytype]
2021-01-14 19:01:726 INFO  HomePage :96 - select job type from drop down[[ChromeDriver: chrome on WINDOWS (1ebf7b29b132b1ba9808c9d7da12b025)] -> id: tempperm]
2021-01-14 19:01:867 INFO  HomePage :104 - clicking on find job button[[ChromeDriver: chrome on WINDOWS (1ebf7b29b132b1ba9808c9d7da12b025)] -> id: hp-search-btn]
2021-01-14 19:01:971 INFO  HomePage :112 - verify search result successfully[[ChromeDriver: chrome on WINDOWS (1ebf7b29b132b1ba9808c9d7da12b025)] -> xpath: //h1[contains(text(),'Permanent Qa Tester jobs in London')]]
2021-01-14 19:01:86 INFO  HomePage :40 - enter job title [[ChromeDriver: chrome on WINDOWS (914a67869976756debc84979905b608b)] -> id: keywords]
2021-01-14 19:01:309 INFO  HomePage :48 - enter location [[ChromeDriver: chrome on WINDOWS (914a67869976756debc84979905b608b)] -> id: location]
2021-01-14 19:01:435 INFO  HomePage :56 - select distance from drop down [[ChromeDriver: chrome on WINDOWS (914a67869976756debc84979905b608b)] -> id: distance]
2021-01-14 19:01:646 INFO  HomePage :64 - clicking on more search options[[ChromeDriver: chrome on WINDOWS (914a67869976756debc84979905b608b)] -> id: toggle-hp-search]
2021-01-14 19:01:58 INFO  HomePage :72 - enter salary minimum[[ChromeDriver: chrome on WINDOWS (914a67869976756debc84979905b608b)] -> id: salarymin]
2021-01-14 19:01:166 INFO  HomePage :80 - enter salary maximum[[ChromeDriver: chrome on WINDOWS (914a67869976756debc84979905b608b)] -> id: salarymax]
2021-01-14 19:01:295 INFO  HomePage :88 - select salary type from drop down[[ChromeDriver: chrome on WINDOWS (914a67869976756debc84979905b608b)] -> id: salarytype]
2021-01-14 19:01:411 INFO  HomePage :96 - select job type from drop down[[ChromeDriver: chrome on WINDOWS (914a67869976756debc84979905b608b)] -> id: tempperm]
2021-01-14 19:01:559 INFO  HomePage :104 - clicking on find job button[[ChromeDriver: chrome on WINDOWS (914a67869976756debc84979905b608b)] -> id: hp-search-btn]
2021-01-14 19:01:363 INFO  HomePage :40 - enter job title [[ChromeDriver: chrome on WINDOWS (3a6a662aeaaf73e8de1c7a3910560299)] -> id: keywords]
2021-01-14 19:01:605 INFO  HomePage :48 - enter location [[ChromeDriver: chrome on WINDOWS (3a6a662aeaaf73e8de1c7a3910560299)] -> id: location]
2021-01-14 19:01:764 INFO  HomePage :56 - select distance from drop down [[ChromeDriver: chrome on WINDOWS (3a6a662aeaaf73e8de1c7a3910560299)] -> id: distance]
2021-01-14 19:01:936 INFO  HomePage :64 - clicking on more search options[[ChromeDriver: chrome on WINDOWS (3a6a662aeaaf73e8de1c7a3910560299)] -> id: toggle-hp-search]
2021-01-14 19:01:458 INFO  HomePage :72 - enter salary minimum[[ChromeDriver: chrome on WINDOWS (3a6a662aeaaf73e8de1c7a3910560299)] -> id: salarymin]
2021-01-14 19:01:599 INFO  HomePage :80 - enter salary maximum[[ChromeDriver: chrome on WINDOWS (3a6a662aeaaf73e8de1c7a3910560299)] -> id: salarymax]
2021-01-14 19:01:733 INFO  HomePage :88 - select salary type from drop down[[ChromeDriver: chrome on WINDOWS (3a6a662aeaaf73e8de1c7a3910560299)] -> id: salarytype]
2021-01-14 19:01:849 INFO  HomePage :96 - select job type from drop down[[ChromeDriver: chrome on WINDOWS (3a6a662aeaaf73e8de1c7a3910560299)] -> id: tempperm]
2021-01-14 19:01:994 INFO  HomePage :104 - clicking on find job button[[ChromeDriver: chrome on WINDOWS (3a6a662aeaaf73e8de1c7a3910560299)] -> id: hp-search-btn]
